2022-04-06 10:34:38,761 - kedro.framework.session.store - INFO - `read()` not implemented for `BaseSessionStore`. Assuming empty store.
2022-04-06 10:34:38,815 - kedro.framework.session.session - WARNING - Unable to git describe /Users/antony_milne/kedro_stuff/projects/spaceflights
2022-04-06 10:35:34,460 - kedro.framework.session.store - INFO - `read()` not implemented for `BaseSessionStore`. Assuming empty store.
2022-04-06 10:35:34,511 - kedro.framework.session.session - WARNING - Unable to git describe /Users/antony_milne/kedro_stuff/projects/spaceflights
2022-04-06 10:37:38,923 - kedro.framework.session.store - INFO - `read()` not implemented for `BaseSessionStore`. Assuming empty store.
2022-04-06 10:37:38,985 - kedro.framework.session.session - WARNING - Unable to git describe /Users/antony_milne/kedro_stuff/projects/spaceflights
2022-04-06 10:38:28,490 - kedro.framework.session.store - INFO - `read()` not implemented for `BaseSessionStore`. Assuming empty store.
2022-04-06 10:38:28,534 - kedro.framework.session.session - WARNING - Unable to git describe /Users/antony_milne/kedro_stuff/projects/spaceflights
2022-04-06 10:46:34,121 - kedro.framework.session.store - INFO - `read()` not implemented for `BaseSessionStore`. Assuming empty store.
2022-04-06 10:46:34,167 - kedro.framework.session.session - WARNING - Unable to git describe /Users/antony_milne/kedro_stuff/projects/spaceflights
2022-04-06 10:48:16,915 - kedro.framework.session.store - INFO - `read()` not implemented for `BaseSessionStore`. Assuming empty store.
2022-04-06 10:48:16,958 - kedro.framework.session.session - WARNING - Unable to git describe /Users/antony_milne/kedro_stuff/projects/spaceflights
2022-04-06 10:48:54,740 - kedro.framework.session.store - INFO - `read()` not implemented for `BaseSessionStore`. Assuming empty store.
2022-04-06 10:48:54,783 - kedro.framework.session.session - WARNING - Unable to git describe /Users/antony_milne/kedro_stuff/projects/spaceflights
2022-04-06 10:49:50,795 - kedro.framework.session.store - INFO - `read()` not implemented for `BaseSessionStore`. Assuming empty store.
2022-04-06 10:49:50,838 - kedro.framework.session.session - WARNING - Unable to git describe /Users/antony_milne/kedro_stuff/projects/spaceflights
2022-04-06 11:10:18,148 - kedro.framework.session.store - INFO - `read()` not implemented for `BaseSessionStore`. Assuming empty store.
2022-04-06 11:10:18,190 - kedro.framework.session.session - WARNING - Unable to git describe /Users/antony_milne/kedro_stuff/projects/spaceflights
2022-04-06 11:10:35,033 - kedro.framework.session.store - INFO - `read()` not implemented for `BaseSessionStore`. Assuming empty store.
2022-04-06 11:10:35,074 - kedro.framework.session.session - WARNING - Unable to git describe /Users/antony_milne/kedro_stuff/projects/spaceflights
2022-04-06 11:10:56,727 - kedro.framework.session.store - INFO - `read()` not implemented for `BaseSessionStore`. Assuming empty store.
2022-04-06 11:10:56,794 - kedro.framework.session.session - WARNING - Unable to git describe /Users/antony_milne/kedro_stuff/projects/spaceflights
2022-04-06 11:13:43,883 - kedro.framework.session.store - INFO - `read()` not implemented for `BaseSessionStore`. Assuming empty store.
2022-04-06 11:13:43,931 - kedro.framework.session.session - WARNING - Unable to git describe /Users/antony_milne/kedro_stuff/projects/spaceflights
2022-04-06 11:14:19,007 - kedro.framework.session.store - INFO - `read()` not implemented for `BaseSessionStore`. Assuming empty store.
2022-04-06 11:14:19,054 - kedro.framework.session.session - WARNING - Unable to git describe /Users/antony_milne/kedro_stuff/projects/spaceflights
2022-04-06 11:14:43,805 - kedro.framework.session.store - INFO - `read()` not implemented for `BaseSessionStore`. Assuming empty store.
2022-04-06 11:14:43,847 - kedro.framework.session.session - WARNING - Unable to git describe /Users/antony_milne/kedro_stuff/projects/spaceflights
2022-04-06 11:15:17,699 - kedro.framework.session.store - INFO - `read()` not implemented for `BaseSessionStore`. Assuming empty store.
2022-04-06 11:15:17,744 - kedro.framework.session.session - WARNING - Unable to git describe /Users/antony_milne/kedro_stuff/projects/spaceflights
2022-04-06 11:15:50,164 - kedro.framework.session.store - INFO - `read()` not implemented for `BaseSessionStore`. Assuming empty store.
2022-04-06 11:15:50,207 - kedro.framework.session.session - WARNING - Unable to git describe /Users/antony_milne/kedro_stuff/projects/spaceflights
2022-04-06 11:17:11,911 - kedro.framework.session.store - INFO - `read()` not implemented for `BaseSessionStore`. Assuming empty store.
2022-04-06 11:17:11,954 - kedro.framework.session.session - WARNING - Unable to git describe /Users/antony_milne/kedro_stuff/projects/spaceflights
2022-04-06 11:17:24,952 - kedro.framework.session.store - INFO - `read()` not implemented for `BaseSessionStore`. Assuming empty store.
2022-04-06 11:17:25,000 - kedro.framework.session.session - WARNING - Unable to git describe /Users/antony_milne/kedro_stuff/projects/spaceflights
2022-04-06 11:17:46,212 - kedro.framework.session.store - INFO - `read()` not implemented for `BaseSessionStore`. Assuming empty store.
2022-04-06 11:17:46,259 - kedro.framework.session.session - WARNING - Unable to git describe /Users/antony_milne/kedro_stuff/projects/spaceflights
2022-04-06 11:17:54,219 - kedro.framework.session.store - INFO - `read()` not implemented for `BaseSessionStore`. Assuming empty store.
2022-04-06 11:17:54,267 - kedro.framework.session.session - WARNING - Unable to git describe /Users/antony_milne/kedro_stuff/projects/spaceflights
2022-04-06 11:19:32,620 - kedro.framework.session.store - INFO - `read()` not implemented for `BaseSessionStore`. Assuming empty store.
2022-04-06 11:19:32,670 - kedro.framework.session.session - WARNING - Unable to git describe /Users/antony_milne/kedro_stuff/projects/spaceflights
2022-04-06 11:20:27,321 - kedro.framework.session.store - INFO - `read()` not implemented for `BaseSessionStore`. Assuming empty store.
2022-04-06 11:20:27,371 - kedro.framework.session.session - WARNING - Unable to git describe /Users/antony_milne/kedro_stuff/projects/spaceflights
2022-04-06 11:20:51,813 - kedro.framework.session.store - INFO - `read()` not implemented for `BaseSessionStore`. Assuming empty store.
2022-04-06 11:20:51,863 - kedro.framework.session.session - WARNING - Unable to git describe /Users/antony_milne/kedro_stuff/projects/spaceflights
2022-04-06 11:37:57,952 - kedro.framework.session.store - INFO - `read()` not implemented for `BaseSessionStore`. Assuming empty store.
2022-04-06 11:37:58,010 - kedro.framework.session.session - WARNING - Unable to git describe /Users/antony_milne/kedro_stuff/projects/spaceflights
2022-04-06 11:38:06,615 - kedro.framework.session.store - INFO - `read()` not implemented for `BaseSessionStore`. Assuming empty store.
2022-04-06 11:38:06,662 - kedro.framework.session.session - WARNING - Unable to git describe /Users/antony_milne/kedro_stuff/projects/spaceflights
2022-04-06 11:38:37,986 - kedro.framework.session.store - INFO - `read()` not implemented for `BaseSessionStore`. Assuming empty store.
2022-04-06 11:38:38,029 - kedro.framework.session.session - WARNING - Unable to git describe /Users/antony_milne/kedro_stuff/projects/spaceflights
2022-04-06 11:43:53,452 - kedro.framework.session.store - INFO - `read()` not implemented for `BaseSessionStore`. Assuming empty store.
2022-04-06 11:43:53,493 - kedro.framework.session.session - WARNING - Unable to git describe /Users/antony_milne/kedro_stuff/projects/spaceflights
2022-04-06 11:44:52,802 - kedro.framework.session.store - INFO - `read()` not implemented for `BaseSessionStore`. Assuming empty store.
2022-04-06 11:44:52,845 - kedro.framework.session.session - WARNING - Unable to git describe /Users/antony_milne/kedro_stuff/projects/spaceflights
2022-04-06 15:15:42,133 - kedro.framework.session.store - INFO - `read()` not implemented for `BaseSessionStore`. Assuming empty store.
2022-04-06 15:15:42,194 - kedro.framework.session.session - WARNING - Unable to git describe /Users/antony_milne/kedro_stuff/projects/spaceflights
2022-04-06 15:20:41,291 - root - ERROR - Internal Python error in the inspect module.
Below is the traceback from this internal error.

2022-04-06 15:20:41,311 - root - INFO - 
Unfortunately, your original traceback can not be constructed.

2022-04-06 15:21:30,026 - kedro.framework.session.store - INFO - `read()` not implemented for `BaseSessionStore`. Assuming empty store.
2022-04-06 15:21:30,075 - kedro.framework.session.session - WARNING - Unable to git describe /Users/antony_milne/kedro_stuff/projects/spaceflights
2022-04-06 15:22:02,241 - root - ERROR - Internal Python error in the inspect module.
Below is the traceback from this internal error.

2022-04-06 15:22:02,247 - root - INFO - 
Unfortunately, your original traceback can not be constructed.

2022-04-06 15:22:15,564 - kedro.framework.session.store - INFO - `read()` not implemented for `BaseSessionStore`. Assuming empty store.
2022-04-06 15:22:15,617 - kedro.framework.session.session - WARNING - Unable to git describe /Users/antony_milne/kedro_stuff/projects/spaceflights
2022-04-06 15:32:25,765 - kedro.framework.session.store - INFO - `read()` not implemented for `BaseSessionStore`. Assuming empty store.
2022-04-06 15:32:25,809 - kedro.framework.session.session - WARNING - Unable to git describe /Users/antony_milne/kedro_stuff/projects/spaceflights
2022-04-06 15:42:30,868 - kedro.framework.session.store - INFO - `read()` not implemented for `BaseSessionStore`. Assuming empty store.
2022-04-06 15:42:30,921 - kedro.framework.session.session - WARNING - Unable to git describe /Users/antony_milne/kedro_stuff/projects/spaceflights
2022-04-06 15:43:32,080 - kedro.framework.session.store - INFO - `read()` not implemented for `BaseSessionStore`. Assuming empty store.
2022-04-06 15:43:32,125 - kedro.framework.session.session - WARNING - Unable to git describe /Users/antony_milne/kedro_stuff/projects/spaceflights
2022-04-06 15:53:48,122 - kedro.framework.session.store - INFO - `read()` not implemented for `BaseSessionStore`. Assuming empty store.
2022-04-06 15:53:48,168 - kedro.framework.session.session - WARNING - Unable to git describe /Users/antony_milne/kedro_stuff/projects/spaceflights
2022-04-06 15:54:19,306 - kedro.framework.session.store - INFO - `read()` not implemented for `BaseSessionStore`. Assuming empty store.
2022-04-06 15:54:19,351 - kedro.framework.session.session - WARNING - Unable to git describe /Users/antony_milne/kedro_stuff/projects/spaceflights
2022-04-06 15:55:08,686 - kedro.framework.session.store - INFO - `read()` not implemented for `BaseSessionStore`. Assuming empty store.
2022-04-06 15:55:08,734 - kedro.framework.session.session - WARNING - Unable to git describe /Users/antony_milne/kedro_stuff/projects/spaceflights
2022-04-06 16:01:56,193 - kedro.framework.session.store - INFO - `read()` not implemented for `BaseSessionStore`. Assuming empty store.
2022-04-06 16:01:56,245 - kedro.framework.session.session - WARNING - Unable to git describe /Users/antony_milne/kedro_stuff/projects/spaceflights
2022-04-06 16:03:55,177 - kedro.framework.session.store - INFO - `read()` not implemented for `BaseSessionStore`. Assuming empty store.
2022-04-06 16:03:55,222 - kedro.framework.session.session - WARNING - Unable to git describe /Users/antony_milne/kedro_stuff/projects/spaceflights
2022-04-06 16:04:17,042 - kedro.framework.session.store - INFO - `read()` not implemented for `BaseSessionStore`. Assuming empty store.
2022-04-06 16:04:17,086 - kedro.framework.session.session - WARNING - Unable to git describe /Users/antony_milne/kedro_stuff/projects/spaceflights
2022-04-06 21:27:44,473 - kedro.framework.session.store - INFO - `read()` not implemented for `BaseSessionStore`. Assuming empty store.
2022-04-06 21:27:44,592 - kedro.framework.session.session - WARNING - Unable to git describe /Users/antony_milne/kedro_stuff/projects/spaceflights
2022-04-06 22:44:42,681 - kedro.framework.session.store - INFO - `read()` not implemented for `BaseSessionStore`. Assuming empty store.
2022-04-06 22:44:42,727 - kedro.framework.session.session - WARNING - Unable to git describe /Users/antony_milne/kedro_stuff/projects/spaceflights
2022-04-06 23:08:26,710 - kedro.framework.session.store - INFO - `read()` not implemented for `BaseSessionStore`. Assuming empty store.
2022-04-06 23:08:26,754 - kedro.framework.session.session - WARNING - Unable to git describe /Users/antony_milne/kedro_stuff/projects/spaceflights
2022-04-06 23:12:10,509 - kedro.framework.session.store - INFO - `read()` not implemented for `BaseSessionStore`. Assuming empty store.
2022-04-06 23:12:10,550 - kedro.framework.session.session - WARNING - Unable to git describe /Users/antony_milne/kedro_stuff/projects/spaceflights
2022-04-06 23:12:34,140 - kedro.framework.session.store - INFO - `read()` not implemented for `BaseSessionStore`. Assuming empty store.
2022-04-06 23:12:34,182 - kedro.framework.session.session - WARNING - Unable to git describe /Users/antony_milne/kedro_stuff/projects/spaceflights
2022-04-06 23:14:34,722 - kedro.framework.session.store - INFO - `read()` not implemented for `BaseSessionStore`. Assuming empty store.
2022-04-06 23:14:34,764 - kedro.framework.session.session - WARNING - Unable to git describe /Users/antony_milne/kedro_stuff/projects/spaceflights
2022-04-06 23:14:52,557 - kedro.framework.session.store - INFO - `read()` not implemented for `BaseSessionStore`. Assuming empty store.
2022-04-06 23:14:52,601 - kedro.framework.session.session - WARNING - Unable to git describe /Users/antony_milne/kedro_stuff/projects/spaceflights
2022-04-06 23:15:27,596 - kedro.framework.session.store - INFO - `read()` not implemented for `BaseSessionStore`. Assuming empty store.
2022-04-06 23:15:27,650 - kedro.framework.session.session - WARNING - Unable to git describe /Users/antony_milne/kedro_stuff/projects/spaceflights
2022-04-06 23:15:38,685 - kedro.framework.session.store - INFO - `read()` not implemented for `BaseSessionStore`. Assuming empty store.
2022-04-06 23:15:38,727 - kedro.framework.session.session - WARNING - Unable to git describe /Users/antony_milne/kedro_stuff/projects/spaceflights
2022-04-06 23:15:44,902 - kedro.framework.session.store - INFO - `read()` not implemented for `BaseSessionStore`. Assuming empty store.
2022-04-06 23:15:44,943 - kedro.framework.session.session - WARNING - Unable to git describe /Users/antony_milne/kedro_stuff/projects/spaceflights
2022-04-06 23:15:54,334 - kedro.framework.session.store - INFO - `read()` not implemented for `BaseSessionStore`. Assuming empty store.
2022-04-06 23:15:54,375 - kedro.framework.session.session - WARNING - Unable to git describe /Users/antony_milne/kedro_stuff/projects/spaceflights
2022-04-06 23:17:05,135 - kedro.framework.session.store - INFO - `read()` not implemented for `BaseSessionStore`. Assuming empty store.
2022-04-06 23:17:05,176 - kedro.framework.session.session - WARNING - Unable to git describe /Users/antony_milne/kedro_stuff/projects/spaceflights
2022-04-06 23:17:11,871 - kedro.framework.session.store - INFO - `read()` not implemented for `BaseSessionStore`. Assuming empty store.
2022-04-06 23:17:11,911 - kedro.framework.session.session - WARNING - Unable to git describe /Users/antony_milne/kedro_stuff/projects/spaceflights
2022-04-06 23:18:20,604 - kedro.framework.session.store - INFO - `read()` not implemented for `BaseSessionStore`. Assuming empty store.
2022-04-06 23:18:20,646 - kedro.framework.session.session - WARNING - Unable to git describe /Users/antony_milne/kedro_stuff/projects/spaceflights
2022-04-06 23:18:30,567 - kedro.framework.session.store - INFO - `read()` not implemented for `BaseSessionStore`. Assuming empty store.
2022-04-06 23:18:30,609 - kedro.framework.session.session - WARNING - Unable to git describe /Users/antony_milne/kedro_stuff/projects/spaceflights
2022-04-06 23:19:18,943 - kedro.framework.session.store - INFO - `read()` not implemented for `BaseSessionStore`. Assuming empty store.
2022-04-06 23:19:18,984 - kedro.framework.session.session - WARNING - Unable to git describe /Users/antony_milne/kedro_stuff/projects/spaceflights
2022-04-06 23:19:32,452 - kedro.framework.session.store - INFO - `read()` not implemented for `BaseSessionStore`. Assuming empty store.
2022-04-06 23:19:32,493 - kedro.framework.session.session - WARNING - Unable to git describe /Users/antony_milne/kedro_stuff/projects/spaceflights
2022-04-06 23:20:43,837 - kedro.framework.session.store - INFO - `read()` not implemented for `BaseSessionStore`. Assuming empty store.
2022-04-06 23:20:43,880 - kedro.framework.session.session - WARNING - Unable to git describe /Users/antony_milne/kedro_stuff/projects/spaceflights
2022-04-07 11:21:25,177 - kedro.framework.session.store - INFO - `read()` not implemented for `BaseSessionStore`. Assuming empty store.
2022-04-07 11:21:25,234 - kedro.framework.session.session - WARNING - Unable to git describe /Users/antony_milne/kedro_stuff/projects/spaceflights
2022-04-07 11:24:25,329 - kedro.framework.session.store - INFO - `read()` not implemented for `BaseSessionStore`. Assuming empty store.
2022-04-07 11:24:25,372 - kedro.framework.session.session - WARNING - Unable to git describe /Users/antony_milne/kedro_stuff/projects/spaceflights
2022-04-07 11:33:26,113 - kedro.framework.session.store - INFO - `read()` not implemented for `BaseSessionStore`. Assuming empty store.
2022-04-07 11:33:26,158 - kedro.framework.session.session - WARNING - Unable to git describe /Users/antony_milne/kedro_stuff/projects/spaceflights
2022-04-07 11:33:39,250 - kedro.framework.session.store - INFO - `read()` not implemented for `BaseSessionStore`. Assuming empty store.
2022-04-07 11:33:39,292 - kedro.framework.session.session - WARNING - Unable to git describe /Users/antony_milne/kedro_stuff/projects/spaceflights
2022-04-07 11:39:42,146 - kedro.framework.session.store - INFO - `read()` not implemented for `BaseSessionStore`. Assuming empty store.
2022-04-07 11:39:42,188 - kedro.framework.session.session - WARNING - Unable to git describe /Users/antony_milne/kedro_stuff/projects/spaceflights
2022-04-07 11:39:47,339 - kedro.framework.session.store - INFO - `read()` not implemented for `BaseSessionStore`. Assuming empty store.
2022-04-07 11:39:47,380 - kedro.framework.session.session - WARNING - Unable to git describe /Users/antony_milne/kedro_stuff/projects/spaceflights
2022-04-08 11:01:53,183 - kedro.framework.session.store - INFO - `read()` not implemented for `BaseSessionStore`. Assuming empty store.
2022-04-08 11:01:53,238 - kedro.framework.session.session - WARNING - Unable to git describe /Users/antony_milne/kedro_stuff/projects/spaceflights
2022-04-08 18:09:31,498 - kedro.framework.session.store - INFO - `read()` not implemented for `BaseSessionStore`. Assuming empty store.
2022-04-08 18:09:31,616 - kedro.framework.session.session - WARNING - Unable to git describe /Users/antony_milne/kedro_stuff/projects/spaceflights
2022-04-08 22:18:31,935 - kedro.framework.session.store - INFO - `read()` not implemented for `BaseSessionStore`. Assuming empty store.
2022-04-08 22:18:31,989 - kedro.framework.session.session - WARNING - Unable to git describe /Users/antony_milne/kedro_stuff/projects/spaceflights
2022-04-08 22:38:21,685 - kedro.framework.session.store - INFO - `read()` not implemented for `BaseSessionStore`. Assuming empty store.
2022-04-08 22:38:21,729 - kedro.framework.session.session - WARNING - Unable to git describe /Users/antony_milne/kedro_stuff/projects/spaceflights
2022-04-08 22:40:41,053 - kedro.framework.session.store - INFO - `read()` not implemented for `BaseSessionStore`. Assuming empty store.
2022-04-08 22:40:41,098 - kedro.framework.session.session - WARNING - Unable to git describe /Users/antony_milne/kedro_stuff/projects/spaceflights
2022-04-08 23:16:07,371 - kedro.framework.session.store - INFO - `read()` not implemented for `BaseSessionStore`. Assuming empty store.
2022-04-08 23:16:07,423 - kedro.framework.session.session - WARNING - Unable to git describe /Users/antony_milne/kedro_stuff/projects/spaceflights
2022-04-08 23:17:14,011 - kedro.framework.session.store - INFO - `read()` not implemented for `BaseSessionStore`. Assuming empty store.
2022-04-08 23:17:14,064 - kedro.framework.session.session - WARNING - Unable to git describe /Users/antony_milne/kedro_stuff/projects/spaceflights
2022-04-08 23:17:57,669 - kedro.framework.session.store - INFO - `read()` not implemented for `BaseSessionStore`. Assuming empty store.
2022-04-08 23:17:57,717 - kedro.framework.session.session - WARNING - Unable to git describe /Users/antony_milne/kedro_stuff/projects/spaceflights
2022-04-08 23:21:07,816 - kedro.framework.session.store - INFO - `read()` not implemented for `BaseSessionStore`. Assuming empty store.
2022-04-08 23:21:07,866 - kedro.framework.session.session - WARNING - Unable to git describe /Users/antony_milne/kedro_stuff/projects/spaceflights
2022-04-08 23:28:37,349 - kedro.framework.session.store - INFO - `read()` not implemented for `BaseSessionStore`. Assuming empty store.
2022-04-08 23:28:37,398 - kedro.framework.session.session - WARNING - Unable to git describe /Users/antony_milne/kedro_stuff/projects/spaceflights
2022-04-14 15:59:11,176 - kedro.framework.session.store - INFO - `read()` not implemented for `BaseSessionStore`. Assuming empty store.
2022-04-14 15:59:11,247 - kedro.framework.session.session - WARNING - Unable to git describe /Users/antony_milne/kedro_stuff/projects/spaceflights
2022-04-20 17:39:52,688 - root - INFO - Updated path to Kedro project: /Users/antony_milne/kedro_stuff/projects/spaceflights
2022-04-20 17:39:53,112 - kedro.framework.session.store - INFO - `read()` not implemented for `BaseSessionStore`. Assuming empty store.
2022-04-20 17:39:53,192 - kedro.framework.session.session - WARNING - Unable to git describe /Users/antony_milne/kedro_stuff/projects/spaceflights
2022-04-20 22:47:51,439 - root - INFO - Updated path to Kedro project: /Users/antony_milne/kedro_stuff/projects/spaceflights
2022-04-20 22:47:51,734 - kedro.framework.session.store - INFO - `read()` not implemented for `BaseSessionStore`. Assuming empty store.
2022-04-20 22:47:51,795 - kedro.framework.session.session - WARNING - Unable to git describe /Users/antony_milne/kedro_stuff/projects/spaceflights
2022-04-20 22:50:35,269 - root - INFO - Updated path to Kedro project: /Users/antony_milne/kedro_stuff/projects/spaceflights
2022-04-20 22:50:35,445 - kedro.framework.session.store - INFO - `read()` not implemented for `BaseSessionStore`. Assuming empty store.
2022-04-20 22:50:35,489 - kedro.framework.session.session - WARNING - Unable to git describe /Users/antony_milne/kedro_stuff/projects/spaceflights
2022-04-20 22:52:51,052 - root - INFO - Updated path to Kedro project: /Users/antony_milne/kedro_stuff/projects/spaceflights
2022-04-20 22:52:51,229 - kedro.framework.session.store - INFO - `read()` not implemented for `BaseSessionStore`. Assuming empty store.
2022-04-20 22:52:51,274 - kedro.framework.session.session - WARNING - Unable to git describe /Users/antony_milne/kedro_stuff/projects/spaceflights
2022-04-20 22:53:10,898 - root - INFO - Updated path to Kedro project: /Users/antony_milne/kedro_stuff/projects/spaceflights
2022-04-20 22:53:11,086 - kedro.framework.session.store - INFO - `read()` not implemented for `BaseSessionStore`. Assuming empty store.
2022-04-20 22:53:11,130 - kedro.framework.session.session - WARNING - Unable to git describe /Users/antony_milne/kedro_stuff/projects/spaceflights
2022-04-20 22:58:01,667 - root - INFO - Updated path to Kedro project: /Users/antony_milne/kedro_stuff/projects/spaceflights
2022-04-20 22:58:01,893 - kedro.framework.session.store - INFO - `read()` not implemented for `BaseSessionStore`. Assuming empty store.
2022-04-20 22:58:01,947 - kedro.framework.session.session - WARNING - Unable to git describe /Users/antony_milne/kedro_stuff/projects/spaceflights
2022-04-20 22:58:33,283 - root - INFO - Updated path to Kedro project: /Users/antony_milne/kedro_stuff/projects/spaceflights
2022-04-20 22:58:33,497 - kedro.framework.session.store - INFO - `read()` not implemented for `BaseSessionStore`. Assuming empty store.
2022-04-20 22:58:33,560 - kedro.framework.session.session - WARNING - Unable to git describe /Users/antony_milne/kedro_stuff/projects/spaceflights
2022-04-20 23:09:21,063 - root - INFO - Updated path to Kedro project: /Users/antony_milne/kedro_stuff/projects/spaceflights
2022-04-20 23:09:21,246 - kedro.framework.session.store - INFO - `read()` not implemented for `BaseSessionStore`. Assuming empty store.
2022-04-20 23:09:21,290 - kedro.framework.session.session - WARNING - Unable to git describe /Users/antony_milne/kedro_stuff/projects/spaceflights
2022-04-20 23:09:48,643 - root - INFO - Updated path to Kedro project: /Users/antony_milne/kedro_stuff/projects/spaceflights
2022-04-20 23:09:48,820 - kedro.framework.session.store - INFO - `read()` not implemented for `BaseSessionStore`. Assuming empty store.
2022-04-20 23:09:48,864 - kedro.framework.session.session - WARNING - Unable to git describe /Users/antony_milne/kedro_stuff/projects/spaceflights
2022-04-20 23:13:16,463 - root - INFO - Updated path to Kedro project: /Users/antony_milne/kedro_stuff/projects/spaceflights
2022-04-20 23:13:16,638 - kedro.framework.session.store - INFO - `read()` not implemented for `BaseSessionStore`. Assuming empty store.
2022-04-20 23:13:16,682 - kedro.framework.session.session - WARNING - Unable to git describe /Users/antony_milne/kedro_stuff/projects/spaceflights
2022-04-20 23:18:27,956 - root - INFO - Updated path to Kedro project: /Users/antony_milne/kedro_stuff/projects/spaceflights
2022-04-20 23:18:28,134 - kedro.framework.session.store - INFO - `read()` not implemented for `BaseSessionStore`. Assuming empty store.
2022-04-20 23:18:28,177 - kedro.framework.session.session - WARNING - Unable to git describe /Users/antony_milne/kedro_stuff/projects/spaceflights
2022-04-20 23:18:57,548 - root - INFO - Updated path to Kedro project: /Users/antony_milne/kedro_stuff/projects/spaceflights
2022-04-20 23:18:57,724 - kedro.framework.session.store - INFO - `read()` not implemented for `BaseSessionStore`. Assuming empty store.
2022-04-20 23:18:57,768 - kedro.framework.session.session - WARNING - Unable to git describe /Users/antony_milne/kedro_stuff/projects/spaceflights
2022-04-20 23:21:19,048 - root - INFO - Updated path to Kedro project: /Users/antony_milne/kedro_stuff/projects/spaceflights
2022-04-20 23:21:19,219 - kedro.framework.session.store - INFO - `read()` not implemented for `BaseSessionStore`. Assuming empty store.
2022-04-20 23:21:19,263 - kedro.framework.session.session - WARNING - Unable to git describe /Users/antony_milne/kedro_stuff/projects/spaceflights
2022-04-20 23:24:52,850 - root - INFO - Updated path to Kedro project: /Users/antony_milne/kedro_stuff/projects/spaceflights
2022-04-20 23:24:53,025 - kedro.framework.session.store - INFO - `read()` not implemented for `BaseSessionStore`. Assuming empty store.
2022-04-20 23:24:53,068 - kedro.framework.session.session - WARNING - Unable to git describe /Users/antony_milne/kedro_stuff/projects/spaceflights
2022-04-20 23:25:22,843 - root - INFO - Updated path to Kedro project: /Users/antony_milne/kedro_stuff/projects/spaceflights
2022-04-20 23:25:23,020 - kedro.framework.session.store - INFO - `read()` not implemented for `BaseSessionStore`. Assuming empty store.
2022-04-20 23:25:23,073 - kedro.framework.session.session - WARNING - Unable to git describe /Users/antony_milne/kedro_stuff/projects/spaceflights
2022-04-20 23:27:00,592 - root - INFO - Updated path to Kedro project: /Users/antony_milne/kedro_stuff/projects/spaceflights
2022-04-20 23:27:00,768 - kedro.framework.session.store - INFO - `read()` not implemented for `BaseSessionStore`. Assuming empty store.
2022-04-20 23:27:00,810 - kedro.framework.session.session - WARNING - Unable to git describe /Users/antony_milne/kedro_stuff/projects/spaceflights
2022-04-20 23:30:00,011 - root - INFO - Updated path to Kedro project: /Users/antony_milne/kedro_stuff/projects/spaceflights
2022-04-20 23:30:00,189 - kedro.framework.session.store - INFO - `read()` not implemented for `BaseSessionStore`. Assuming empty store.
2022-04-20 23:30:00,232 - kedro.framework.session.session - WARNING - Unable to git describe /Users/antony_milne/kedro_stuff/projects/spaceflights
2022-04-20 23:30:26,014 - root - INFO - Updated path to Kedro project: /Users/antony_milne/kedro_stuff/projects/spaceflights
2022-04-20 23:30:26,192 - kedro.framework.session.store - INFO - `read()` not implemented for `BaseSessionStore`. Assuming empty store.
2022-04-20 23:30:26,237 - kedro.framework.session.session - WARNING - Unable to git describe /Users/antony_milne/kedro_stuff/projects/spaceflights
2022-04-20 23:34:00,699 - root - INFO - Updated path to Kedro project: /Users/antony_milne/kedro_stuff/projects/spaceflights
2022-04-20 23:34:00,876 - kedro.framework.session.store - INFO - `read()` not implemented for `BaseSessionStore`. Assuming empty store.
2022-04-20 23:34:00,920 - kedro.framework.session.session - WARNING - Unable to git describe /Users/antony_milne/kedro_stuff/projects/spaceflights
2022-04-20 23:34:44,220 - root - INFO - Updated path to Kedro project: /Users/antony_milne/kedro_stuff/projects/spaceflights
2022-04-20 23:34:44,394 - kedro.framework.session.store - INFO - `read()` not implemented for `BaseSessionStore`. Assuming empty store.
2022-04-20 23:34:44,438 - kedro.framework.session.session - WARNING - Unable to git describe /Users/antony_milne/kedro_stuff/projects/spaceflights
2022-04-20 23:35:41,572 - root - INFO - Updated path to Kedro project: /Users/antony_milne/kedro_stuff/projects/spaceflights
2022-04-20 23:35:41,743 - kedro.framework.session.store - INFO - `read()` not implemented for `BaseSessionStore`. Assuming empty store.
2022-04-20 23:35:41,788 - kedro.framework.session.session - WARNING - Unable to git describe /Users/antony_milne/kedro_stuff/projects/spaceflights
2022-04-20 23:39:43,073 - root - INFO - Updated path to Kedro project: /Users/antony_milne/kedro_stuff/projects/spaceflights
2022-04-20 23:39:43,247 - kedro.framework.session.store - INFO - `read()` not implemented for `BaseSessionStore`. Assuming empty store.
2022-04-20 23:39:43,292 - kedro.framework.session.session - WARNING - Unable to git describe /Users/antony_milne/kedro_stuff/projects/spaceflights
2022-04-21 09:04:44,566 - root - INFO - Updated path to Kedro project: /Users/antony_milne/kedro_stuff/projects/spaceflights
2022-04-21 09:04:44,790 - kedro.framework.session.store - INFO - `read()` not implemented for `BaseSessionStore`. Assuming empty store.
2022-04-21 09:04:44,836 - kedro.framework.session.session - WARNING - Unable to git describe /Users/antony_milne/kedro_stuff/projects/spaceflights
2022-04-21 15:09:38,926 - kedro.framework.session.store - INFO - `read()` not implemented for `BaseSessionStore`. Assuming empty store.
2022-04-21 15:09:38,976 - kedro.framework.session.session - WARNING - Unable to git describe /Users/antony_milne/kedro_stuff/projects/spaceflights
2022-04-21 15:10:16,158 - kedro.framework.session.store - INFO - `read()` not implemented for `BaseSessionStore`. Assuming empty store.
2022-04-21 15:10:16,203 - kedro.framework.session.session - WARNING - Unable to git describe /Users/antony_milne/kedro_stuff/projects/spaceflights
2022-04-21 15:10:27,070 - kedro.framework.session.store - INFO - `read()` not implemented for `BaseSessionStore`. Assuming empty store.
2022-04-21 15:10:27,113 - kedro.framework.session.session - WARNING - Unable to git describe /Users/antony_milne/kedro_stuff/projects/spaceflights
2022-04-21 15:10:34,195 - kedro.framework.session.store - INFO - `read()` not implemented for `BaseSessionStore`. Assuming empty store.
2022-04-21 15:10:34,238 - kedro.framework.session.session - WARNING - Unable to git describe /Users/antony_milne/kedro_stuff/projects/spaceflights
2022-04-22 11:31:22,899 - kedro.framework.session.store - INFO - `read()` not implemented for `BaseSessionStore`. Assuming empty store.
2022-04-22 11:31:22,948 - kedro.framework.session.session - WARNING - Unable to git describe /Users/antony_milne/kedro_stuff/projects/spaceflights
2022-04-22 11:36:13,447 - kedro.framework.session.store - INFO - `read()` not implemented for `BaseSessionStore`. Assuming empty store.
2022-04-22 11:36:13,489 - kedro.framework.session.session - WARNING - Unable to git describe /Users/antony_milne/kedro_stuff/projects/spaceflights
2022-04-22 11:36:29,374 - kedro.framework.session.store - INFO - `read()` not implemented for `BaseSessionStore`. Assuming empty store.
2022-04-22 11:36:29,418 - kedro.framework.session.session - WARNING - Unable to git describe /Users/antony_milne/kedro_stuff/projects/spaceflights
2022-04-22 11:38:45,767 - kedro.framework.session.store - INFO - `read()` not implemented for `BaseSessionStore`. Assuming empty store.
2022-04-22 11:38:45,808 - kedro.framework.session.session - WARNING - Unable to git describe /Users/antony_milne/kedro_stuff/projects/spaceflights
2022-04-22 11:38:56,211 - kedro.framework.session.store - INFO - `read()` not implemented for `BaseSessionStore`. Assuming empty store.
2022-04-22 11:38:56,253 - kedro.framework.session.session - WARNING - Unable to git describe /Users/antony_milne/kedro_stuff/projects/spaceflights
